{"total": {"lines":{"total":54,"covered":52,"skipped":0,"pct":96.29},"statements":{"total":72,"covered":69,"skipped":0,"pct":95.83},"functions":{"total":36,"covered":35,"skipped":0,"pct":97.22},"branches":{"total":11,"covered":8,"skipped":0,"pct":72.72},"branchesTrue":{"total":0,"covered":0,"skipped":0,"pct":100}}
,"C:\\Users\\Administrator\\Desktop\\404NOTFOUND\\ui\\src\\api\\alerts.ts": {"lines":{"total":12,"covered":12,"skipped":0,"pct":100},"functions":{"total":12,"covered":12,"skipped":0,"pct":100},"statements":{"total":18,"covered":18,"skipped":0,"pct":100},"branches":{"total":0,"covered":0,"skipped":0,"pct":100}}
,"C:\\Users\\Administrator\\Desktop\\404NOTFOUND\\ui\\src\\api\\client.ts": {"lines":{"total":5,"covered":5,"skipped":0,"pct":100},"functions":{"total":2,"covered":2,"skipped":0,"pct":100},"statements":{"total":5,"covered":5,"skipped":0,"pct":100},"branches":{"total":3,"covered":3,"skipped":0,"pct":100}}
,"C:\\Users\\Administrator\\Desktop\\404NOTFOUND\\ui\\src\\api\\dashboard.ts": {"lines":{"total":2,"covered":2,"skipped":0,"pct":100},"functions":{"total":2,"covered":2,"skipped":0,"pct":100},"statements":{"total":3,"covered":3,"skipped":0,"pct":100},"branches":{"total":0,"covered":0,"skipped":0,"pct":100}}
,"C:\\Users\\Administrator\\Desktop\\404NOTFOUND\\ui\\src\\api\\rules.ts": {"lines":{"total":12,"covered":12,"skipped":0,"pct":100},"functions":{"total":11,"covered":11,"skipped":0,"pct":100},"statements":{"total":17,"covered":17,"skipped":0,"pct":100},"branches":{"total":0,"covered":0,"skipped":0,"pct":100}}
,"C:\\Users\\Administrator\\Desktop\\404NOTFOUND\\ui\\src\\api\\transactions.ts": {"lines":{"total":6,"covered":6,"skipped":0,"pct":100},"functions":{"total":6,"covered":6,"skipped":0,"pct":100},"statements":{"total":9,"covered":9,"skipped":0,"pct":100},"branches":{"total":0,"covered":0,"skipped":0,"pct":100}}
,"C:\\Users\\Administrator\\Desktop\\404NOTFOUND\\ui\\src\\utils\\format.ts": {"lines":{"total":17,"covered":15,"skipped":0,"pct":88.23},"functions":{"total":3,"covered":2,"skipped":0,"pct":66.66},"statements":{"total":20,"covered":17,"skipped":0,"pct":85},"branches":{"total":8,"covered":5,"skipped":0,"pct":62.5}}
}
